Using pre-set license
Built from '2022.3/release' branch; Version is '2022.3.12f1 (4fe6e059c7ef) revision 5236448'; Using compiler version '192829333'; Build Type 'Release'
OS: 'Windows 11  (10.0.22621) 64bit CoreSingleLanguage' Language: 'en' Physical Memory: 16083 MB
BatchMode: 1, IsHumanControllingUs: 0, StartBugReporterOnCrash: 0, Is64bit: 1, IsPro: 1

COMMAND LINE ARGUMENTS:
C:\Program Files\Unity\Hub\Editor\2022.3.12f1\Editor\Unity.exe
-adb2
-batchMode
-noUpm
-name
AssetImportWorker0
-projectPath
C:/Users/zaiba/DecorHive_
-logFile
Logs/AssetImportWorker0.log
-srvPort
52233
Successfully changed project path to: C:/Users/zaiba/DecorHive_
C:/Users/zaiba/DecorHive_
[UnityMemory] Configuration Parameters - Can be set up in boot.config
    "memorysetup-bucket-allocator-granularity=16"
    "memorysetup-bucket-allocator-bucket-count=8"
    "memorysetup-bucket-allocator-block-size=33554432"
    "memorysetup-bucket-allocator-block-count=8"
    "memorysetup-main-allocator-block-size=16777216"
    "memorysetup-thread-allocator-block-size=16777216"
    "memorysetup-gfx-main-allocator-block-size=16777216"
    "memorysetup-gfx-thread-allocator-block-size=16777216"
    "memorysetup-cache-allocator-block-size=4194304"
    "memorysetup-typetree-allocator-block-size=2097152"
    "memorysetup-profiler-bucket-allocator-granularity=16"
    "memorysetup-profiler-bucket-allocator-bucket-count=8"
    "memorysetup-profiler-bucket-allocator-block-size=33554432"
    "memorysetup-profiler-bucket-allocator-block-count=8"
    "memorysetup-profiler-allocator-block-size=16777216"
    "memorysetup-profiler-editor-allocator-block-size=1048576"
    "memorysetup-temp-allocator-size-main=16777216"
    "memorysetup-job-temp-allocator-block-size=2097152"
    "memorysetup-job-temp-allocator-block-size-background=1048576"
    "memorysetup-job-temp-allocator-reduction-small-platforms=262144"
    "memorysetup-allocator-temp-initial-block-size-main=262144"
    "memorysetup-allocator-temp-initial-block-size-worker=262144"
    "memorysetup-temp-allocator-size-background-worker=32768"
    "memorysetup-temp-allocator-size-job-worker=262144"
    "memorysetup-temp-allocator-size-preload-manager=33554432"
    "memorysetup-temp-allocator-size-nav-mesh-worker=65536"
    "memorysetup-temp-allocator-size-audio-worker=65536"
    "memorysetup-temp-allocator-size-cloud-worker=32768"
    "memorysetup-temp-allocator-size-gi-baking-worker=262144"
    "memorysetup-temp-allocator-size-gfx=262144"
Player connection [16476] Host "[IP] 192.168.56.1 [Port] 0 [Flags] 2 [Guid] 4287080599 [EditorId] 4287080599 [Version] 1048832 [Id] WindowsEditor(7,Zaiba) [Debug] 1 [PackageName] WindowsEditor [ProjectName] Editor" joined multi-casting on [225.0.0.222:54997]...

Player connection [16476] Host "[IP] 192.168.56.1 [Port] 0 [Flags] 2 [Guid] 4287080599 [EditorId] 4287080599 [Version] 1048832 [Id] WindowsEditor(7,Zaiba) [Debug] 1 [PackageName] WindowsEditor [ProjectName] Editor" joined alternative multi-casting on [225.0.0.222:34997]...

[Physics::Module] Initialized MultithreadedJobDispatcher with 11 workers.
Refreshing native plugins compatible for Editor in 13.07 ms, found 4 plugins.
Preloading 0 native plugins for Editor in 0.00 ms.
Initialize engine version: 2022.3.12f1 (4fe6e059c7ef)
[Subsystems] Discovering subsystems at path C:/Program Files/Unity/Hub/Editor/2022.3.12f1/Editor/Data/Resources/UnitySubsystems
[Subsystems] Discovering subsystems at path C:/Users/zaiba/DecorHive_/Assets
GfxDevice: creating device client; threaded=0; jobified=0
Direct3D:
    Version:  Direct3D 11.0 [level 11.1]
    Renderer: Intel(R) Iris(R) Xe Graphics (ID=0x46a8)
    Vendor:   Intel
    VRAM:     8041 MB
    Driver:   30.0.101.2079
Initialize mono
Mono path[0] = 'C:/Program Files/Unity/Hub/Editor/2022.3.12f1/Editor/Data/Managed'
Mono path[1] = 'C:/Program Files/Unity/Hub/Editor/2022.3.12f1/Editor/Data/MonoBleedingEdge/lib/mono/unityjit-win32'
Mono config path = 'C:/Program Files/Unity/Hub/Editor/2022.3.12f1/Editor/Data/MonoBleedingEdge/etc'
Using monoOptions --debugger-agent=transport=dt_socket,embedding=1,server=y,suspend=n,address=127.0.0.1:56216
Begin MonoManager ReloadAssembly
Registering precompiled unity dll's ...
Register platform support module: C:/Program Files/Unity/Hub/Editor/2022.3.12f1/Editor/Data/PlaybackEngines/WebGLSupport/UnityEditor.WebGL.Extensions.dll
Register platform support module: C:/Program Files/Unity/Hub/Editor/2022.3.12f1/Editor/Data/PlaybackEngines/AndroidPlayer/UnityEditor.Android.Extensions.dll
Register platform support module: C:/Program Files/Unity/Hub/Editor/2022.3.12f1/Editor/Data/PlaybackEngines/WindowsStandaloneSupport/UnityEditor.WindowsStandalone.Extensions.dll
Registered in 0.012824 seconds.
- Loaded All Assemblies, in  0.424 seconds
Native extension for WindowsStandalone target not found
Native extension for Android target not found
Android Extension - Scanning For ADB Devices 350 ms
Native extension for WebGL target not found
Mono: successfully reloaded assembly
- Finished resetting the current domain, in  0.726 seconds
Domain Reload Profiling: 1147ms
	BeginReloadAssembly (116ms)
		ExecutionOrderSort (0ms)
		DisableScriptedObjects (0ms)
		BackupInstance (0ms)
		ReleaseScriptingObjects (0ms)
		CreateAndSetChildDomain (1ms)
	RebuildCommonClasses (40ms)
	RebuildNativeTypeToScriptingClass (13ms)
	initialDomainReloadingComplete (75ms)
	LoadAllAssembliesAndSetupDomain (177ms)
		LoadAssemblies (114ms)
		RebuildTransferFunctionScriptingTraits (0ms)
		AnalyzeDomain (174ms)
			TypeCache.Refresh (172ms)
				TypeCache.ScanAssembly (157ms)
			ScanForSourceGeneratedMonoScriptInfo (0ms)
			ResolveRequiredComponents (1ms)
	FinalizeReload (726ms)
		ReleaseScriptCaches (0ms)
		RebuildScriptCaches (0ms)
		SetupLoadedEditorAssemblies (649ms)
			LogAssemblyErrors (0ms)
			InitializePlatformSupportModulesInManaged (488ms)
			SetLoadedEditorAssemblies (4ms)
			RefreshPlugins (0ms)
			BeforeProcessingInitializeOnLoad (3ms)
			ProcessInitializeOnLoadAttributes (105ms)
			ProcessInitializeOnLoadMethodAttributes (48ms)
			AfterProcessingInitializeOnLoad (0ms)
			EditorAssembliesLoaded (0ms)
		ExecutionOrderSort2 (0ms)
		AwakeInstancesAfterBackupRestoration (0ms)
========================================================================
Worker process is ready to serve import requests
Begin MonoManager ReloadAssembly
- Loaded All Assemblies, in  0.889 seconds
Refreshing native plugins compatible for Editor in 8.53 ms, found 4 plugins.
Native extension for WindowsStandalone target not found
Native extension for Android target not found
Native extension for WebGL target not found
Package Manager log level set to [2]
[Package Manager] Server::EnsureServerProcessIsRunning -- launch failed, reason: Unity was launched with the -noUpm command-line argument
[Package Manager] UpmClient::Send -- Unable to send message (not connected to UPM process).
[Package Manager] Cannot connect to Unity Package Manager local server
[Package Manager] Server::EnsureServerProcessIsRunning -- launch failed, reason: Unity was launched with the -noUpm command-line argument
[Package Manager] UpmClient::Send -- Unable to send message (not connected to UPM process).
[Package Manager] Cannot connect to Unity Package Manager local server
Mono: successfully reloaded assembly
[Package Manager] Server::EnsureServerProcessIsRunning -- launch failed, reason: Unity was launched with the -noUpm command-line argument
[Package Manager] UpmClient::Send -- Unable to send message (not connected to UPM process).
[Package Manager] Cannot connect to Unity Package Manager local server
[Package Manager] Server::EnsureServerProcessIsRunning -- launch failed, reason: Unity was launched with the -noUpm command-line argument
[Package Manager] UpmClient::Send -- Unable to send message (not connected to UPM process).
[Package Manager] Cannot connect to Unity Package Manager local server
- Finished resetting the current domain, in  1.190 seconds
Domain Reload Profiling: 2075ms
	BeginReloadAssembly (176ms)
		ExecutionOrderSort (0ms)
		DisableScriptedObjects (5ms)
		BackupInstance (0ms)
		ReleaseScriptingObjects (0ms)
		CreateAndSetChildDomain (25ms)
	RebuildCommonClasses (41ms)
	RebuildNativeTypeToScriptingClass (10ms)
	initialDomainReloadingComplete (45ms)
	LoadAllAssembliesAndSetupDomain (612ms)
		LoadAssemblies (465ms)
		RebuildTransferFunctionScriptingTraits (0ms)
		AnalyzeDomain (253ms)
			TypeCache.Refresh (215ms)
				TypeCache.ScanAssembly (196ms)
			ScanForSourceGeneratedMonoScriptInfo (28ms)
			ResolveRequiredComponents (8ms)
	FinalizeReload (1191ms)
		ReleaseScriptCaches (0ms)
		RebuildScriptCaches (0ms)
		SetupLoadedEditorAssemblies (991ms)
			LogAssemblyErrors (0ms)
			InitializePlatformSupportModulesInManaged (37ms)
			SetLoadedEditorAssemblies (7ms)
			RefreshPlugins (0ms)
			BeforeProcessingInitializeOnLoad (158ms)
			ProcessInitializeOnLoadAttributes (741ms)
			ProcessInitializeOnLoadMethodAttributes (40ms)
			AfterProcessingInitializeOnLoad (8ms)
			EditorAssembliesLoaded (0ms)
		ExecutionOrderSort2 (0ms)
		AwakeInstancesAfterBackupRestoration (7ms)
Launched and connected shader compiler UnityShaderCompiler.exe after 0.06 seconds
Refreshing native plugins compatible for Editor in 13.87 ms, found 4 plugins.
Preloading 0 native plugins for Editor in 0.00 ms.
Unloading 4492 Unused Serialized files (Serialized files now loaded: 0)
Unloading 65 unused Assets / (1.2 MB). Loaded Objects now: 4948.
Memory consumption went from 163.4 MB to 162.3 MB.
Total: 7.733500 ms (FindLiveObjects: 0.279800 ms CreateObjectMapping: 0.923400 ms MarkObjects: 5.483400 ms  DeleteObjects: 1.045000 ms)

AssetImportParameters requested are different than current active one (requested -> active):
  custom:container-demuxer-ogg: 62fdf1f143b41e24485cea50d1cbac27 -> 
  custom:video-codec-MediaFoundation-h265: 746d11721c4dcdbdad8f713fa42b33f4 -> 
  custom:video-decoder-ogg-theora: a1e56fd34408186e4bbccfd4996cb3dc -> 
  custom:framework-win-MediaFoundation: 216162199b28c13a410421893ffa2e32 -> 
  custom:container-demuxer-webm: 4f35f7cbe854078d1ac9338744f61a02 -> 
  custom:container-muxer-webm: aa71ff27fc2769a1b78a27578f13a17b -> 
  custom:video-decoder-webm-vp8: 9c59270c3fd7afecdb556c50c9e8de78 -> 
  custom:AudioImporter_EditorPlatform: d09bf68614088b80899f8185d706f6e7 -> 
  custom:video-encoder-webm-vp8: eb34c28f22e8b96e1ab97ce403110664 -> 
  custom:audio-decoder-ogg-vorbis: bf7c407c2cedff20999df2af8eb42d56 -> 
  custom:audio-encoder-webm-vorbis: bf7c407c2cedff20999df2af8eb42d56 -> 
========================================================================
Received Import Request.
  Time since last request: 827998.279406 seconds.
  path: Assets/Scenes/MainAR
  artifactKey: Guid(1c5165bca87c75b4ca87dfffb9c53aa3) Importer(815301076,1909f56bfc062723c751e8b465ee728b)
Start importing Assets/Scenes/MainAR using Guid(1c5165bca87c75b4ca87dfffb9c53aa3) Importer(815301076,1909f56bfc062723c751e8b465ee728b)  -> (artifact id: 'f35a0220130b917f76d58c12e642cce4') in 0.002199 seconds
Number of updated asset objects reloaded before import = 0
Number of asset objects unloaded after import = 0
========================================================================
Received Prepare
Refreshing native plugins compatible for Editor in 13.22 ms, found 4 plugins.
Preloading 0 native plugins for Editor in 0.00 ms.
Unloading 8 Unused Serialized files (Serialized files now loaded: 0)
Unloading 9 unused Assets / (1.1 MB). Loaded Objects now: 4948.
Memory consumption went from 89.7 MB to 88.6 MB.
Total: 7.732700 ms (FindLiveObjects: 0.414500 ms CreateObjectMapping: 0.288800 ms MarkObjects: 5.852300 ms  DeleteObjects: 1.175200 ms)

Prepare: number of updated asset objects reloaded= 0
AssetImportParameters requested are different than current active one (requested -> active):
  custom:container-demuxer-ogg: 62fdf1f143b41e24485cea50d1cbac27 -> 
  custom:video-codec-MediaFoundation-h265: 746d11721c4dcdbdad8f713fa42b33f4 -> 
  custom:video-decoder-ogg-theora: a1e56fd34408186e4bbccfd4996cb3dc -> 
  custom:framework-win-MediaFoundation: 216162199b28c13a410421893ffa2e32 -> 
  custom:CustomObjectIndexerAttribute: 756ad292c208cfabdd7b50bc23989ffe -> 
  custom:container-demuxer-webm: 4f35f7cbe854078d1ac9338744f61a02 -> 
  custom:container-muxer-webm: aa71ff27fc2769a1b78a27578f13a17b -> 
  custom:video-decoder-webm-vp8: 9c59270c3fd7afecdb556c50c9e8de78 -> 
  custom:SearchIndexIgnoredProperties: e643bd26f0fe6173181afceb89e7c659 -> 
  custom:AudioImporter_EditorPlatform: d09bf68614088b80899f8185d706f6e7 -> 
  custom:video-encoder-webm-vp8: eb34c28f22e8b96e1ab97ce403110664 -> 
  custom:audio-decoder-ogg-vorbis: bf7c407c2cedff20999df2af8eb42d56 -> 
  custom:audio-encoder-webm-vorbis: bf7c407c2cedff20999df2af8eb42d56 -> 
========================================================================
Received Import Request.
  Time since last request: 187.600712 seconds.
  path: Assets/Buttons Style 13 (Rounded Gray)/ButtonsStyle13_01.png
  artifactKey: Guid(856d0eb1bba4fa14e8b76a2bec938f5b) Importer(815301076,1909f56bfc062723c751e8b465ee728b)
Start importing Assets/Buttons Style 13 (Rounded Gray)/ButtonsStyle13_01.png using Guid(856d0eb1bba4fa14e8b76a2bec938f5b) Importer(815301076,1909f56bfc062723c751e8b465ee728b)  -> (artifact id: '1e41161aa8e79e2830f26bc7681e549f') in 0.215673 seconds
Number of updated asset objects reloaded before import = 0
Number of asset objects unloaded after import = 3
========================================================================
Received Import Request.
  Time since last request: 0.000039 seconds.
  path: Assets/Buttons Style 13 (Rounded Gray)/ButtonsStyle13_26.png
  artifactKey: Guid(06ee0861a8a90aa40b6341e5992fcfd6) Importer(815301076,1909f56bfc062723c751e8b465ee728b)
Start importing Assets/Buttons Style 13 (Rounded Gray)/ButtonsStyle13_26.png using Guid(06ee0861a8a90aa40b6341e5992fcfd6) Importer(815301076,1909f56bfc062723c751e8b465ee728b)  -> (artifact id: 'c98dc331d4e7b81523855490b3809843') in 0.034790 seconds
Number of updated asset objects reloaded before import = 0
Number of asset objects unloaded after import = 3
========================================================================
Received Import Request.
  Time since last request: 0.000049 seconds.
  path: Assets/Buttons Style 13 (Rounded Gray)/ButtonsStyle13_15.png
  artifactKey: Guid(7ea7477398cb5204487f3ca9631f95fc) Importer(815301076,1909f56bfc062723c751e8b465ee728b)
Start importing Assets/Buttons Style 13 (Rounded Gray)/ButtonsStyle13_15.png using Guid(7ea7477398cb5204487f3ca9631f95fc) Importer(815301076,1909f56bfc062723c751e8b465ee728b)  -> (artifact id: '9a6a5c45245303b3f0dda0feea806392') in 0.035502 seconds
Number of updated asset objects reloaded before import = 0
Number of asset objects unloaded after import = 3
========================================================================
Received Import Request.
  Time since last request: 0.000025 seconds.
  path: Assets/Buttons Style 13 (Rounded Gray)/ButtonsStyle13_11.png
  artifactKey: Guid(f4502947c9db9794b855d0e2c8d6b9d6) Importer(815301076,1909f56bfc062723c751e8b465ee728b)
Start importing Assets/Buttons Style 13 (Rounded Gray)/ButtonsStyle13_11.png using Guid(f4502947c9db9794b855d0e2c8d6b9d6) Importer(815301076,1909f56bfc062723c751e8b465ee728b)  -> (artifact id: 'cf1a77ba529984038f9c33ea5c494cf1') in 0.040741 seconds
Number of updated asset objects reloaded before import = 0
Number of asset objects unloaded after import = 3
========================================================================
Received Import Request.
  Time since last request: 0.000022 seconds.
  path: Assets/Buttons Style 13 (Rounded Gray)/ButtonsStyle13_06.png
  artifactKey: Guid(6eee1c4dc75e1f145ade5923bec97021) Importer(815301076,1909f56bfc062723c751e8b465ee728b)
Start importing Assets/Buttons Style 13 (Rounded Gray)/ButtonsStyle13_06.png using Guid(6eee1c4dc75e1f145ade5923bec97021) Importer(815301076,1909f56bfc062723c751e8b465ee728b)  -> (artifact id: 'a19fcf7b0bac814a5ca0c3ce2eed9557') in 0.034928 seconds
Number of updated asset objects reloaded before import = 0
Number of asset objects unloaded after import = 3
========================================================================
Received Import Request.
  Time since last request: 0.000028 seconds.
  path: Assets/Buttons Style 13 (Rounded Gray)/ButtonsStyle13_20.png
  artifactKey: Guid(afc458a3164e95f4ebefe9a3a1309313) Importer(815301076,1909f56bfc062723c751e8b465ee728b)
Start importing Assets/Buttons Style 13 (Rounded Gray)/ButtonsStyle13_20.png using Guid(afc458a3164e95f4ebefe9a3a1309313) Importer(815301076,1909f56bfc062723c751e8b465ee728b)  -> (artifact id: 'a3c2a840aef40092fe0343a3aabb3378') in 0.035781 seconds
Number of updated asset objects reloaded before import = 0
Number of asset objects unloaded after import = 3
========================================================================
Received Import Request.
  Time since last request: 0.000018 seconds.
  path: Assets/Buttons Style 13 (Rounded Gray)/ButtonsStyle13_04.png
  artifactKey: Guid(ef224fd9ae6307b42bb6174acb4ffbab) Importer(815301076,1909f56bfc062723c751e8b465ee728b)
Start importing Assets/Buttons Style 13 (Rounded Gray)/ButtonsStyle13_04.png using Guid(ef224fd9ae6307b42bb6174acb4ffbab) Importer(815301076,1909f56bfc062723c751e8b465ee728b)  -> (artifact id: 'c03828eb6b01ead1e985275567e7efe4') in 0.030555 seconds
Number of updated asset objects reloaded before import = 0
Number of asset objects unloaded after import = 3
========================================================================
Received Import Request.
  Time since last request: 0.000019 seconds.
  path: Assets/Buttons Style 13 (Rounded Gray)/ButtonsStyle13_08.png
  artifactKey: Guid(e69eb5fe5c84b604eb124e1851b9771e) Importer(815301076,1909f56bfc062723c751e8b465ee728b)
Start importing Assets/Buttons Style 13 (Rounded Gray)/ButtonsStyle13_08.png using Guid(e69eb5fe5c84b604eb124e1851b9771e) Importer(815301076,1909f56bfc062723c751e8b465ee728b)  -> (artifact id: 'ea18f7cb0b0f6c2383917d7991a7cbd5') in 0.035993 seconds
Number of updated asset objects reloaded before import = 0
Number of asset objects unloaded after import = 3
========================================================================
Received Import Request.
  Time since last request: 0.000030 seconds.
  path: Assets/Buttons Style 13 (Rounded Gray)/ButtonsStyle13_23.png
  artifactKey: Guid(faa6d9af687656947977fb45f2bd2586) Importer(815301076,1909f56bfc062723c751e8b465ee728b)
Start importing Assets/Buttons Style 13 (Rounded Gray)/ButtonsStyle13_23.png using Guid(faa6d9af687656947977fb45f2bd2586) Importer(815301076,1909f56bfc062723c751e8b465ee728b)  -> (artifact id: '25905ab25d03aa7cd96b5e421a77ecf0') in 0.040253 seconds
Number of updated asset objects reloaded before import = 0
Number of asset objects unloaded after import = 3
========================================================================
Received Import Request.
  Time since last request: 0.000177 seconds.
  path: Assets/Buttons Style 13 (Rounded Gray)/ButtonsStyle13_12.png
  artifactKey: Guid(4ddb841cbe681594a84683331c3a367d) Importer(815301076,1909f56bfc062723c751e8b465ee728b)
Start importing Assets/Buttons Style 13 (Rounded Gray)/ButtonsStyle13_12.png using Guid(4ddb841cbe681594a84683331c3a367d) Importer(815301076,1909f56bfc062723c751e8b465ee728b)  -> (artifact id: 'e9c8e63029f4a3d45bee3d4350580deb') in 0.031987 seconds
Number of updated asset objects reloaded before import = 0
Number of asset objects unloaded after import = 3
========================================================================
Received Import Request.
  Time since last request: 0.000320 seconds.
  path: Assets/Buttons Style 13 (Rounded Gray)/ButtonsStyle13_13.png
  artifactKey: Guid(5e9bf811869148b45baf1dec1a0b5c0d) Importer(815301076,1909f56bfc062723c751e8b465ee728b)
Start importing Assets/Buttons Style 13 (Rounded Gray)/ButtonsStyle13_13.png using Guid(5e9bf811869148b45baf1dec1a0b5c0d) Importer(815301076,1909f56bfc062723c751e8b465ee728b)  -> (artifact id: '3bb0243ed3a21dafc3b09849850ce907') in 0.030868 seconds
Number of updated asset objects reloaded before import = 0
Number of asset objects unloaded after import = 3
========================================================================
Received Import Request.
  Time since last request: 0.000037 seconds.
  path: Assets/Buttons Style 13 (Rounded Gray)/ButtonsStyle13_09.png
  artifactKey: Guid(8b4bedebc1ca55346b061cc758fb8b04) Importer(815301076,1909f56bfc062723c751e8b465ee728b)
Start importing Assets/Buttons Style 13 (Rounded Gray)/ButtonsStyle13_09.png using Guid(8b4bedebc1ca55346b061cc758fb8b04) Importer(815301076,1909f56bfc062723c751e8b465ee728b)  -> (artifact id: 'e0e855b1ed4e4e10f60f7483c4a225f9') in 0.035388 seconds
Number of updated asset objects reloaded before import = 0
Number of asset objects unloaded after import = 3
========================================================================
Received Import Request.
  Time since last request: 0.000044 seconds.
  path: Assets/Buttons Style 13 (Rounded Gray)/ButtonsStyle13_03.png
  artifactKey: Guid(79290355734851548be2b714ee1edfb2) Importer(815301076,1909f56bfc062723c751e8b465ee728b)
Start importing Assets/Buttons Style 13 (Rounded Gray)/ButtonsStyle13_03.png using Guid(79290355734851548be2b714ee1edfb2) Importer(815301076,1909f56bfc062723c751e8b465ee728b)  -> (artifact id: '09d69e3f2842f001244a455da71c9c78') in 0.037209 seconds
Number of updated asset objects reloaded before import = 0
Number of asset objects unloaded after import = 3
========================================================================
Received Import Request.
  Time since last request: 0.000026 seconds.
  path: Assets/Buttons Style 13 (Rounded Gray)/ButtonsStyle13_18.png
  artifactKey: Guid(6c42ae727081c104c9682bf210b12178) Importer(815301076,1909f56bfc062723c751e8b465ee728b)
Start importing Assets/Buttons Style 13 (Rounded Gray)/ButtonsStyle13_18.png using Guid(6c42ae727081c104c9682bf210b12178) Importer(815301076,1909f56bfc062723c751e8b465ee728b)  -> (artifact id: 'ba81be5b268d2787653774e9f8a425aa') in 0.032053 seconds
Number of updated asset objects reloaded before import = 0
Number of asset objects unloaded after import = 3
========================================================================
Received Prepare
Begin MonoManager ReloadAssembly
- Loaded All Assemblies, in  0.583 seconds
Refreshing native plugins compatible for Editor in 7.52 ms, found 4 plugins.
Native extension for WindowsStandalone target not found
Native extension for Android target not found
Native extension for WebGL target not found
[Package Manager] Server::EnsureServerProcessIsRunning -- launch failed, reason: Unity was launched with the -noUpm command-line argument
[Package Manager] UpmClient::Send -- Unable to send message (not connected to UPM process).
[Package Manager] Cannot connect to Unity Package Manager local server
[Package Manager] Server::EnsureServerProcessIsRunning -- launch failed, reason: Unity was launched with the -noUpm command-line argument
[Package Manager] UpmClient::Send -- Unable to send message (not connected to UPM process).
[Package Manager] Cannot connect to Unity Package Manager local server
Mono: successfully reloaded assembly
[Package Manager] Server::EnsureServerProcessIsRunning -- launch failed, reason: Unity was launched with the -noUpm command-line argument
[Package Manager] UpmClient::Send -- Unable to send message (not connected to UPM process).
[Package Manager] Cannot connect to Unity Package Manager local server
- Finished resetting the current domain, in  2.143 seconds
Domain Reload Profiling: 2720ms
	BeginReloadAssembly (181ms)
		ExecutionOrderSort (0ms)
		DisableScriptedObjects (4ms)
		BackupInstance (0ms)
		ReleaseScriptingObjects (0ms)
		CreateAndSetChildDomain (45ms)
	RebuildCommonClasses (33ms)
	RebuildNativeTypeToScriptingClass (14ms)
	initialDomainReloadingComplete (37ms)
	LoadAllAssembliesAndSetupDomain (310ms)
		LoadAssemblies (385ms)
		RebuildTransferFunctionScriptingTraits (0ms)
		AnalyzeDomain (17ms)
			TypeCache.Refresh (7ms)
				TypeCache.ScanAssembly (0ms)
			ScanForSourceGeneratedMonoScriptInfo (0ms)
			ResolveRequiredComponents (9ms)
	FinalizeReload (2144ms)
		ReleaseScriptCaches (0ms)
		RebuildScriptCaches (0ms)
		SetupLoadedEditorAssemblies (1415ms)
			LogAssemblyErrors (0ms)
			InitializePlatformSupportModulesInManaged (45ms)
			SetLoadedEditorAssemblies (10ms)
			RefreshPlugins (0ms)
			BeforeProcessingInitializeOnLoad (238ms)
			ProcessInitializeOnLoadAttributes (1050ms)
			ProcessInitializeOnLoadMethodAttributes (58ms)
			AfterProcessingInitializeOnLoad (12ms)
			EditorAssembliesLoaded (1ms)
		ExecutionOrderSort2 (0ms)
		AwakeInstancesAfterBackupRestoration (10ms)
Refreshing native plugins compatible for Editor in 13.46 ms, found 4 plugins.
Preloading 0 native plugins for Editor in 0.00 ms.
Unloading 4469 Unused Serialized files (Serialized files now loaded: 0)
Unloading 44 unused Assets / (1.2 MB). Loaded Objects now: 4975.
Memory consumption went from 161.0 MB to 159.8 MB.
Total: 6.784400 ms (FindLiveObjects: 0.371800 ms CreateObjectMapping: 0.413500 ms MarkObjects: 4.524400 ms  DeleteObjects: 1.473200 ms)

Prepare: number of updated asset objects reloaded= 0
AssetImportParameters requested are different than current active one (requested -> active):
  custom:container-demuxer-ogg: 62fdf1f143b41e24485cea50d1cbac27 -> 
  custom:video-codec-MediaFoundation-h265: 746d11721c4dcdbdad8f713fa42b33f4 -> 
  custom:video-decoder-ogg-theora: a1e56fd34408186e4bbccfd4996cb3dc -> 
  custom:framework-win-MediaFoundation: 216162199b28c13a410421893ffa2e32 -> 
  custom:CustomObjectIndexerAttribute: 756ad292c208cfabdd7b50bc23989ffe -> 
  custom:container-demuxer-webm: 4f35f7cbe854078d1ac9338744f61a02 -> 
  custom:container-muxer-webm: aa71ff27fc2769a1b78a27578f13a17b -> 
  custom:video-decoder-webm-vp8: 9c59270c3fd7afecdb556c50c9e8de78 -> 
  custom:SearchIndexIgnoredProperties: e643bd26f0fe6173181afceb89e7c659 -> 
  custom:AudioImporter_EditorPlatform: d09bf68614088b80899f8185d706f6e7 -> 
  custom:video-encoder-webm-vp8: eb34c28f22e8b96e1ab97ce403110664 -> 
  custom:audio-decoder-ogg-vorbis: bf7c407c2cedff20999df2af8eb42d56 -> 
  custom:audio-encoder-webm-vorbis: bf7c407c2cedff20999df2af8eb42d56 -> 
